<?xml version="1.0" encoding="UTF-8"?>
<Site BuildName="(empty)"
	BuildStamp="20231104-1418-Experimental"
	Name="(empty)"
	Generator="ctest-3.27.4"
	CompilerName=""
	CompilerVersion=""
	OSName="macOS"
	Hostname="MacBook-Pro-2"
	OSRelease="14.0"
	OSVersion="23A344"
	OSPlatform="arm64"
	Is64Bits="1"
	VendorString="IBM"
	VendorID="IBM"
	FamilyID="16777228"
	ModelID="2"
	ProcessorCacheSize="131072"
	NumberOfLogicalCPU="8"
	NumberOfPhysicalCPU="8"
	TotalVirtualMemory="10240"
	TotalPhysicalMemory="16384"
	LogicalProcessorsPerPhysical="8"
	ProcessorClockFrequency="0"
	>
	<Testing>
		<StartDateTime>Nov 04 16:55 EDT</StartDateTime>
		<StartTestTime>1699131321</StartTestTime>
		<TestList/>
		<EndDateTime>Nov 04 16:55 EDT</EndDateTime>
		<EndTestTime>1699131321</EndTestTime>
		<ElapsedMinutes>0</ElapsedMinutes>
	</Testing>
</Site>
