<?xml version="1.0" encoding="UTF-8"?>
<Site BuildName="(empty)"
	BuildStamp="20231017-1616-Experimental"
	Name="(empty)"
	Generator="ctest-3.27.4"
	CompilerName=""
	CompilerVersion=""
	OSName="macOS"
	Hostname="MacBook-Pro-2.local"
	OSRelease="14.0"
	OSVersion="23A344"
	OSPlatform="arm64"
	Is64Bits="1"
	VendorString="IBM"
	VendorID="IBM"
	FamilyID="16777228"
	ModelID="2"
	ProcessorCacheSize="131072"
	NumberOfLogicalCPU="8"
	NumberOfPhysicalCPU="8"
	TotalVirtualMemory="9216"
	TotalPhysicalMemory="16384"
	LogicalProcessorsPerPhysical="8"
	ProcessorClockFrequency="0"
	>
	<Testing>
		<StartDateTime>Oct 17 12:36 EDT</StartDateTime>
		<StartTestTime>1697560605</StartTestTime>
		<TestList>
			<Test>./linked-case3</Test>
		</TestList>
		<Test Status="passed">
			<Name>linked-case3</Name>
			<Path>.</Path>
			<FullName>./linked-case3</FullName>
			<FullCommandLine>/Users/isaiah/Desktop/Career/Fall\ 2023/ELEC\ 278/Week\ 3/lab3/build/linked-stack "/Users/isaiah/Desktop/Career/Fall 2023/ELEC 278/Week 3/lab3/test-cases/case3.txt" "fail"</FullCommandLine>
			<Results>
				<NamedMeasurement type="numeric/double" name="Execution Time">
					<Value>0.00597167</Value>
				</NamedMeasurement>
				<NamedMeasurement type="numeric/double" name="Processors">
					<Value>1</Value>
				</NamedMeasurement>
				<NamedMeasurement type="text/string" name="Completion Status">
					<Value>Completed</Value>
				</NamedMeasurement>
				<NamedMeasurement type="text/string" name="Command Line">
					<Value>/Users/isaiah/Desktop/Career/Fall\ 2023/ELEC\ 278/Week\ 3/lab3/build/linked-stack "/Users/isaiah/Desktop/Career/Fall 2023/ELEC 278/Week 3/lab3/test-cases/case3.txt" "fail"</Value>
				</NamedMeasurement>
				<NamedMeasurement type="text/string" name="Environment">
					<Value>#CTEST_RESOURCE_GROUP_COUNT=</Value>
				</NamedMeasurement>
				<Measurement>
					<Value></Value>
				</Measurement>
			</Results>
		</Test>
		<EndDateTime>Oct 17 12:36 EDT</EndDateTime>
		<EndTestTime>1697560605</EndTestTime>
		<ElapsedMinutes>0</ElapsedMinutes>
	</Testing>
</Site>
