<?xml version="1.0" encoding="UTF-8"?>
<Site BuildName="(empty)"
	BuildStamp="20231102-0457-Experimental"
	Name="(empty)"
	Generator="ctest-3.27.4"
	CompilerName=""
	CompilerVersion=""
	OSName="macOS"
	Hostname="MacBook-Pro-2"
	OSRelease="14.0"
	OSVersion="23A344"
	OSPlatform="arm64"
	Is64Bits="1"
	VendorString="IBM"
	VendorID="IBM"
	FamilyID="16777228"
	ModelID="2"
	ProcessorCacheSize="131072"
	NumberOfLogicalCPU="8"
	NumberOfPhysicalCPU="8"
	TotalVirtualMemory="9216"
	TotalPhysicalMemory="16384"
	LogicalProcessorsPerPhysical="8"
	ProcessorClockFrequency="0"
	>
	<Testing>
		<StartDateTime>Nov 02 00:57 EDT</StartDateTime>
		<StartTestTime>1698901050</StartTestTime>
		<TestList/>
		<EndDateTime>Nov 02 00:57 EDT</EndDateTime>
		<EndTestTime>1698901050</EndTestTime>
		<ElapsedMinutes>0</ElapsedMinutes>
	</Testing>
</Site>
