<?xml version="1.0" encoding="UTF-8"?>
<Site BuildName="(empty)"
	BuildStamp="20231107-0145-Experimental"
	Name="(empty)"
	Generator="ctest-3.27.4"
	CompilerName=""
	CompilerVersion=""
	OSName="macOS"
	Hostname="MacBook-Pro-2.local"
	OSRelease="14.1"
	OSVersion="23B74"
	OSPlatform="arm64"
	Is64Bits="1"
	VendorString="IBM"
	VendorID="IBM"
	FamilyID="16777228"
	ModelID="2"
	ProcessorCacheSize="131072"
	NumberOfLogicalCPU="8"
	NumberOfPhysicalCPU="8"
	TotalVirtualMemory="0"
	TotalPhysicalMemory="16384"
	LogicalProcessorsPerPhysical="8"
	ProcessorClockFrequency="0"
	>
	<Testing>
		<StartDateTime>Nov 07 12:20 EST</StartDateTime>
		<StartTestTime>1699377623</StartTestTime>
		<TestList>
			<Test>./case4</Test>
		</TestList>
		<Test Status="passed">
			<Name>case4</Name>
			<Path>.</Path>
			<FullName>./case4</FullName>
			<FullCommandLine>/Users/isaiah/Desktop/Career/Fall\ 2023/ELEC\ 278/Lab\ 4/lab4/build/lab4 "/Users/isaiah/Desktop/Career/Fall 2023/ELEC 278/Lab 4/lab4/test-cases/case4.txt"</FullCommandLine>
			<Results>
				<NamedMeasurement type="numeric/double" name="Execution Time">
					<Value>0.00207321</Value>
				</NamedMeasurement>
				<NamedMeasurement type="numeric/double" name="Processors">
					<Value>1</Value>
				</NamedMeasurement>
				<NamedMeasurement type="text/string" name="Completion Status">
					<Value>Completed</Value>
				</NamedMeasurement>
				<NamedMeasurement type="text/string" name="Command Line">
					<Value>/Users/isaiah/Desktop/Career/Fall\ 2023/ELEC\ 278/Lab\ 4/lab4/build/lab4 "/Users/isaiah/Desktop/Career/Fall 2023/ELEC 278/Lab 4/lab4/test-cases/case4.txt"</Value>
				</NamedMeasurement>
				<NamedMeasurement type="text/string" name="Environment">
					<Value>#CTEST_RESOURCE_GROUP_COUNT=</Value>
				</NamedMeasurement>
				<Measurement>
					<Value></Value>
				</Measurement>
			</Results>
		</Test>
		<EndDateTime>Nov 07 12:20 EST</EndDateTime>
		<EndTestTime>1699377623</EndTestTime>
		<ElapsedMinutes>0</ElapsedMinutes>
	</Testing>
</Site>
