Start testing: Oct 17 12:36 EDT
----------------------------------------------------------
6/6 Testing: linked-case3
6/6 Test: linked-case3
Command: "/Users/isaiah/Desktop/Career/Fall 2023/ELEC 278/Week 3/lab3/build/linked-stack" "/Users/isaiah/Desktop/Career/Fall 2023/ELEC 278/Week 3/lab3/test-cases/case3.txt" "fail"
Directory: /Users/isaiah/Desktop/Career/Fall 2023/ELEC 278/Week 3/lab3/build
"linked-case3" start time: Oct 17 12:36 EDT
Output:
----------------------------------------------------------
<end of output>
Test time =   0.01 sec
----------------------------------------------------------
Test Passed.
"linked-case3" end time: Oct 17 12:36 EDT
"linked-case3" time elapsed: 00:00:00
----------------------------------------------------------

End testing: Oct 17 12:36 EDT
