Start testing: Nov 06 18:38 EST
----------------------------------------------------------
4/4 Testing: case4
4/4 Test: case4
Command: "/Users/isaiah/Desktop/Career/Fall 2023/ELEC 278/Lab 4/lab4/build/lab4" "/Users/isaiah/Desktop/Career/Fall 2023/ELEC 278/Lab 4/lab4/test-cases/case4.txt"
Directory: /Users/isaiah/Desktop/Career/Fall 2023/ELEC 278/Lab 4/lab4/build
"case4" start time: Nov 06 18:38 EST
Output:
----------------------------------------------------------
<end of output>
Test time =   0.00 sec
----------------------------------------------------------
Test Passed.
"case4" end time: Nov 06 18:38 EST
"case4" time elapsed: 00:00:00
----------------------------------------------------------

End testing: Nov 06 18:38 EST
